#
# There is insufficient memory for the Java Runtime Environment to continue.
# Native memory allocation (mmap) failed to map 166723584 bytes for G1 virtual space
# Possible reasons:
#   The system is out of physical RAM or swap space
#   The process is running with CompressedOops enabled, and the Java Heap may be blocking the growth of the native heap
# Possible solutions:
#   Reduce memory load on the system
#   Increase physical memory or swap space
#   Check if swap backing store is full
#   Decrease Java heap size (-Xmx/-Xms)
#   Decrease number of Java threads
#   Decrease Java thread stack sizes (-Xss)
#   Set larger code cache with -XX:ReservedCodeCacheSize=
#   JVM is running with Unscaled Compressed Oops mode in which the Java heap is
#     placed in the first 4GB address space. The Java Heap base address is the
#     maximum limit for the native heap growth. Please use -XX:HeapBaseMinAddress
#     to set the Java Heap base and to place the Java Heap above 4GB virtual address.
# This output file may be truncated or incomplete.
#
#  Out of Memory Error (os_windows.cpp:3825), pid=30704, tid=33148
#
# JRE version: OpenJDK Runtime Environment (17.0.10) (build 17.0.10+0--11572160)
# Java VM: OpenJDK 64-Bit Server VM (17.0.10+0--11572160, mixed mode, tiered, compressed oops, compressed class ptrs, g1 gc, windows-amd64)
# No core dump will be written. Minidumps are not enabled by default on client versions of Windows
#

---------------  S U M M A R Y ------------

Command Line: org.jetbrains.kotlin.cli.jvm.K2JVMCompiler @D:\ASL\NSL_mini\app\build\20240609_890824559952956856.compiler.options

Host: Intel(R) Core(TM) i5-9300H CPU @ 2.40GHz, 8 cores, 7G,  Windows 10 , 64 bit Build 19041 (10.0.19041.3636)
Time: Sun Jun  9 20:37:30 2024 Nepal Standard Time elapsed time: 14.477845 seconds (0d 0h 0m 14s)

---------------  T H R E A D  ---------------

Current thread (0x000001c3a36cb640):  VMThread "VM Thread" [stack: 0x000000972fb00000,0x000000972fc00000] [id=33148]

Stack: [0x000000972fb00000,0x000000972fc00000]
Native frames: (J=compiled Java code, j=interpreted, Vv=VM code, C=native code)
V  [jvm.dll+0x688e89]
V  [jvm.dll+0x84247a]
V  [jvm.dll+0x8440be]
V  [jvm.dll+0x844723]
V  [jvm.dll+0x24be0f]
V  [jvm.dll+0x685c59]
V  [jvm.dll+0x67a50a]
V  [jvm.dll+0x30cbab]
V  [jvm.dll+0x314056]
V  [jvm.dll+0x363dce]
V  [jvm.dll+0x363fff]
V  [jvm.dll+0x2e2978]
V  [jvm.dll+0x2e0b54]
V  [jvm.dll+0x2e015c]
V  [jvm.dll+0x32502b]
V  [jvm.dll+0x848e1b]
V  [jvm.dll+0x849b61]
V  [jvm.dll+0x84a07d]
V  [jvm.dll+0x84a454]
V  [jvm.dll+0x84a520]
V  [jvm.dll+0x7f0d1a]
V  [jvm.dll+0x687d05]
C  [ucrtbase.dll+0x21bb2]
C  [KERNEL32.DLL+0x17344]
C  [ntdll.dll+0x526b1]

VM_Operation (0x000000972f5fd5b0): G1CollectForAllocation, mode: safepoint, requested by thread 0x000001c3897c2b80


---------------  P R O C E S S  ---------------

Threads class SMR info:
_java_thread_list=0x000001c3a8adcd90, length=14, elements={
0x000001c3897c2b80, 0x000001c3a36ed260, 0x000001c3a36edff0, 0x000001c3a371c680,
0x000001c3a371e160, 0x000001c3a3720c30, 0x000001c3a37215f0, 0x000001c3a37242f0,
0x000001c3a37399b0, 0x000001c3a373c3c0, 0x000001c3a38a26f0, 0x000001c3a38a8620,
0x000001c3a9341980, 0x000001c3aa4bbc20
}

Java Threads: ( => current thread )
  0x000001c3897c2b80 JavaThread "main" [_thread_blocked, id=20348, stack(0x000000972f500000,0x000000972f600000)]
  0x000001c3a36ed260 JavaThread "Reference Handler" daemon [_thread_blocked, id=25860, stack(0x000000972fc00000,0x000000972fd00000)]
  0x000001c3a36edff0 JavaThread "Finalizer" daemon [_thread_blocked, id=29692, stack(0x000000972fd00000,0x000000972fe00000)]
  0x000001c3a371c680 JavaThread "Signal Dispatcher" daemon [_thread_blocked, id=24024, stack(0x000000972fe00000,0x000000972ff00000)]
  0x000001c3a371e160 JavaThread "Attach Listener" daemon [_thread_blocked, id=27068, stack(0x000000972ff00000,0x0000009730000000)]
  0x000001c3a3720c30 JavaThread "Service Thread" daemon [_thread_blocked, id=14156, stack(0x0000009730000000,0x0000009730100000)]
  0x000001c3a37215f0 JavaThread "Monitor Deflation Thread" daemon [_thread_blocked, id=6280, stack(0x0000009730100000,0x0000009730200000)]
  0x000001c3a37242f0 JavaThread "C2 CompilerThread0" daemon [_thread_blocked, id=10496, stack(0x0000009730200000,0x0000009730300000)]
  0x000001c3a37399b0 JavaThread "C1 CompilerThread0" daemon [_thread_blocked, id=20740, stack(0x0000009730300000,0x0000009730400000)]
  0x000001c3a373c3c0 JavaThread "Sweeper thread" daemon [_thread_blocked, id=2144, stack(0x0000009730400000,0x0000009730500000)]
  0x000001c3a38a26f0 JavaThread "Notification Thread" daemon [_thread_blocked, id=30744, stack(0x0000009730500000,0x0000009730600000)]
  0x000001c3a38a8620 JavaThread "Common-Cleaner" daemon [_thread_blocked, id=19740, stack(0x0000009730700000,0x0000009730800000)]
  0x000001c3a9341980 JavaThread "C2 CompilerThread1" daemon [_thread_blocked, id=4604, stack(0x0000009730800000,0x0000009730900000)]
  0x000001c3aa4bbc20 JavaThread "C2 CompilerThread2" daemon [_thread_blocked, id=28100, stack(0x0000009731100000,0x0000009731200000)]

Other Threads:
=>0x000001c3a36cb640 VMThread "VM Thread" [stack: 0x000000972fb00000,0x000000972fc00000] [id=33148]
  0x000001c3a38087b0 WatcherThread [stack: 0x0000009730600000,0x0000009730700000] [id=27788]
  0x000001c38981ee20 GCTaskThread "GC Thread#0" [stack: 0x000000972f600000,0x000000972f700000] [id=14936]
  0x000001c3a83a2640 GCTaskThread "GC Thread#1" [stack: 0x0000009730900000,0x0000009730a00000] [id=32304]
  0x000001c3a83b29d0 GCTaskThread "GC Thread#2" [stack: 0x0000009730a00000,0x0000009730b00000] [id=20464]
  0x000001c3a83eaaa0 GCTaskThread "GC Thread#3" [stack: 0x0000009730b00000,0x0000009730c00000] [id=11584]
  0x000001c3a83b9050 GCTaskThread "GC Thread#4" [stack: 0x0000009730c00000,0x0000009730d00000] [id=30504]
  0x000001c3a8429120 GCTaskThread "GC Thread#5" [stack: 0x0000009730d00000,0x0000009730e00000] [id=28436]
  0x000001c3a8786880 GCTaskThread "GC Thread#6" [stack: 0x0000009730e00000,0x0000009730f00000] [id=10192]
  0x000001c3a85d7150 GCTaskThread "GC Thread#7" [stack: 0x0000009730f00000,0x0000009731000000] [id=3524]
  0x000001c38982f9f0 ConcurrentGCThread "G1 Main Marker" [stack: 0x000000972f700000,0x000000972f800000] [id=20836]
  0x000001c3898304e0 ConcurrentGCThread "G1 Conc#0" [stack: 0x000000972f800000,0x000000972f900000] [id=14732]
  0x000001c3a88371f0 ConcurrentGCThread "G1 Conc#1" [stack: 0x0000009731000000,0x0000009731100000] [id=31572]
  0x000001c38987ecd0 ConcurrentGCThread "G1 Refine#0" [stack: 0x000000972f900000,0x000000972fa00000] [id=30912]
  0x000001c3aa9bdd60 ConcurrentGCThread "G1 Refine#1" [stack: 0x0000009731200000,0x0000009731300000] [id=29416]
  0x000001c3aa9bceb0 ConcurrentGCThread "G1 Refine#2" [stack: 0x0000009731300000,0x0000009731400000] [id=28508]
  0x000001c3aa9be050 ConcurrentGCThread "G1 Refine#3" [stack: 0x0000009731400000,0x0000009731500000] [id=3320]
  0x000001c3a33f8430 ConcurrentGCThread "G1 Service" [stack: 0x000000972fa00000,0x000000972fb00000] [id=23572]

Threads with active compile tasks:
C2 CompilerThread0    14510 14866       4       org.jetbrains.kotlin.ir.util.IrFakeOverrideUtilsKt::resolveFakeOverrideOrNull (240 bytes)
C1 CompilerThread0    14510 14922       3       org.jetbrains.kotlin.backend.jvm.lower.JvmInlineClassLowering::visitCall (215 bytes)
C2 CompilerThread1    14510 14865       4       org.jetbrains.kotlin.ir.util.IrFakeOverrideUtilsKt::resolveFakeOverride (77 bytes)
C2 CompilerThread2    14510 14853       4       org.jetbrains.kotlin.backend.common.lower.DefaultArgumentFunctionFactory::findBaseFunctionWithDefaultArgumentsFor$dfsImpl (253 bytes)

VM state: at safepoint (normal execution)

VM Mutex/Monitor currently owned by a thread:  ([mutex/lock_event])
[0x000001c3897be8b0] Threads_lock - owner thread: 0x000001c3a36cb640
[0x000001c3897bf7e0] Heap_lock - owner thread: 0x000001c3897c2b80

Heap address: 0x0000000081c00000, size: 2020 MB, Compressed Oops mode: 32-bit

CDS archive(s) not mapped
Compressed class space mapped at: 0x0000000100000000-0x0000000140000000, reserved size: 1073741824
Narrow klass base: 0x0000000000000000, Narrow klass shift: 3, Narrow klass range: 0x140000000

GC Precious Log:
 CPUs: 8 total, 8 available
 Memory: 8072M
 Large Page Support: Disabled
 NUMA Support: Disabled
 Compressed Oops: Enabled (32-bit)
 Heap Region Size: 1M
 Heap Min Capacity: 8M
 Heap Initial Capacity: 128M
 Heap Max Capacity: 2020M
 Pre-touch: Disabled
 Parallel Workers: 8
 Concurrent Workers: 2
 Concurrent Refinement Workers: 8
 Periodic GC: Disabled

Heap:
 garbage-first heap   total 158720K, used 93193K [0x0000000081c00000, 0x0000000100000000)
  region size 1024K, 2 young (2048K), 2 survivors (2048K)
 Metaspace       used 80268K, committed 80576K, reserved 1179648K
  class space    used 8768K, committed 8960K, reserved 1048576K

Heap Regions: E=young(eden), S=young(survivor), O=old, HS=humongous(starts), HC=humongous(continues), CS=collection set, F=free, OA=open archive, CA=closed archive, TAMS=top-at-mark-start (previous, next)
|   0|0x0000000081c00000, 0x0000000081d00000, 0x0000000081d00000|100%|HS|  |TAMS 0x0000000081d00000, 0x0000000081c00000| Complete 
|   1|0x0000000081d00000, 0x0000000081e00000, 0x0000000081e00000|100%|HC|  |TAMS 0x0000000081e00000, 0x0000000081d00000| Complete 
|   2|0x0000000081e00000, 0x0000000081f00000, 0x0000000081f00000|100%|HC|  |TAMS 0x0000000081f00000, 0x0000000081e00000| Complete 
|   3|0x0000000081f00000, 0x0000000082000000, 0x0000000082000000|100%|HC|  |TAMS 0x0000000082000000, 0x0000000081f00000| Complete 
|   4|0x0000000082000000, 0x0000000082100000, 0x0000000082100000|100%| O|  |TAMS 0x0000000082100000, 0x0000000082000000| Untracked 
|   5|0x0000000082100000, 0x0000000082200000, 0x0000000082200000|100%| O|  |TAMS 0x0000000082200000, 0x0000000082100000| Untracked 
|   6|0x0000000082200000, 0x0000000082300000, 0x0000000082300000|100%| O|  |TAMS 0x0000000082300000, 0x0000000082200000| Untracked 
|   7|0x0000000082300000, 0x0000000082400000, 0x0000000082400000|100%| O|  |TAMS 0x0000000082400000, 0x0000000082300000| Untracked 
|   8|0x0000000082400000, 0x0000000082500000, 0x0000000082500000|100%| O|  |TAMS 0x0000000082500000, 0x0000000082400000| Untracked 
|   9|0x0000000082500000, 0x0000000082600000, 0x0000000082600000|100%| O|  |TAMS 0x0000000082600000, 0x0000000082500000| Untracked 
|  10|0x0000000082600000, 0x0000000082700000, 0x0000000082700000|100%| O|  |TAMS 0x0000000082700000, 0x0000000082600000| Untracked 
|  11|0x0000000082700000, 0x0000000082800000, 0x0000000082800000|100%| O|  |TAMS 0x0000000082800000, 0x0000000082700000| Untracked 
|  12|0x0000000082800000, 0x00000000828dee00, 0x0000000082900000| 87%| O|  |TAMS 0x00000000828dee00, 0x0000000082800000| Untracked 
|  13|0x0000000082900000, 0x0000000082a00000, 0x0000000082a00000|100%| O|  |TAMS 0x0000000082a00000, 0x0000000082900000| Untracked 
|  14|0x0000000082a00000, 0x0000000082b00000, 0x0000000082b00000|100%| O|  |TAMS 0x0000000082b00000, 0x0000000082a00000| Untracked 
|  15|0x0000000082b00000, 0x0000000082c00000, 0x0000000082c00000|100%| O|  |TAMS 0x0000000082c00000, 0x0000000082b00000| Untracked 
|  16|0x0000000082c00000, 0x0000000082d00000, 0x0000000082d00000|100%| O|  |TAMS 0x0000000082d00000, 0x0000000082c00000| Untracked 
|  17|0x0000000082d00000, 0x0000000082e00000, 0x0000000082e00000|100%| O|  |TAMS 0x0000000082e00000, 0x0000000082d00000| Untracked 
|  18|0x0000000082e00000, 0x0000000082f00000, 0x0000000082f00000|100%| O|  |TAMS 0x0000000082f00000, 0x0000000082e00000| Untracked 
|  19|0x0000000082f00000, 0x0000000083000000, 0x0000000083000000|100%|HS|  |TAMS 0x0000000083000000, 0x0000000082f00000| Complete 
|  20|0x0000000083000000, 0x0000000083100000, 0x0000000083100000|100%|HC|  |TAMS 0x0000000083100000, 0x0000000083000000| Complete 
|  21|0x0000000083100000, 0x0000000083200000, 0x0000000083200000|100%| O|  |TAMS 0x0000000083200000, 0x0000000083100000| Untracked 
|  22|0x0000000083200000, 0x0000000083300000, 0x0000000083300000|100%| O|  |TAMS 0x0000000083300000, 0x0000000083200000| Untracked 
|  23|0x0000000083300000, 0x0000000083400000, 0x0000000083400000|100%| O|  |TAMS 0x0000000083400000, 0x0000000083300000| Untracked 
|  24|0x0000000083400000, 0x0000000083500000, 0x0000000083500000|100%| O|  |TAMS 0x0000000083500000, 0x0000000083400000| Untracked 
|  25|0x0000000083500000, 0x0000000083600000, 0x0000000083600000|100%| O|  |TAMS 0x0000000083600000, 0x0000000083500000| Untracked 
|  26|0x0000000083600000, 0x0000000083700000, 0x0000000083700000|100%| O|  |TAMS 0x0000000083700000, 0x0000000083600000| Untracked 
|  27|0x0000000083700000, 0x0000000083800000, 0x0000000083800000|100%| O|  |TAMS 0x0000000083800000, 0x0000000083700000| Untracked 
|  28|0x0000000083800000, 0x0000000083900000, 0x0000000083900000|100%| O|  |TAMS 0x0000000083900000, 0x0000000083800000| Untracked 
|  29|0x0000000083900000, 0x0000000083a00000, 0x0000000083a00000|100%| O|  |TAMS 0x0000000083a00000, 0x0000000083900000| Untracked 
|  30|0x0000000083a00000, 0x0000000083b00000, 0x0000000083b00000|100%| O|  |TAMS 0x0000000083b00000, 0x0000000083a00000| Untracked 
|  31|0x0000000083b00000, 0x0000000083c00000, 0x0000000083c00000|100%| O|  |TAMS 0x0000000083c00000, 0x0000000083b00000| Untracked 
|  32|0x0000000083c00000, 0x0000000083d00000, 0x0000000083d00000|100%| O|  |TAMS 0x0000000083d00000, 0x0000000083c00000| Untracked 
|  33|0x0000000083d00000, 0x0000000083e00000, 0x0000000083e00000|100%| O|  |TAMS 0x0000000083e00000, 0x0000000083d00000| Untracked 
|  34|0x0000000083e00000, 0x0000000083f00000, 0x0000000083f00000|100%| O|  |TAMS 0x0000000083f00000, 0x0000000083e00000| Untracked 
|  35|0x0000000083f00000, 0x0000000084000000, 0x0000000084000000|100%| O|  |TAMS 0x0000000084000000, 0x0000000083f00000| Untracked 
|  36|0x0000000084000000, 0x0000000084100000, 0x0000000084100000|100%| O|  |TAMS 0x0000000084100000, 0x0000000084000000| Untracked 
|  37|0x0000000084100000, 0x0000000084200000, 0x0000000084200000|100%| O|  |TAMS 0x0000000084200000, 0x0000000084100000| Untracked 
|  38|0x0000000084200000, 0x0000000084300000, 0x0000000084300000|100%| O|  |TAMS 0x0000000084300000, 0x0000000084200000| Untracked 
|  39|0x0000000084300000, 0x0000000084400000, 0x0000000084400000|100%| O|  |TAMS 0x0000000084400000, 0x0000000084300000| Untracked 
|  40|0x0000000084400000, 0x0000000084500000, 0x0000000084500000|100%| O|  |TAMS 0x0000000084500000, 0x0000000084400000| Untracked 
|  41|0x0000000084500000, 0x0000000084600000, 0x0000000084600000|100%| O|  |TAMS 0x0000000084600000, 0x0000000084500000| Untracked 
|  42|0x0000000084600000, 0x0000000084700000, 0x0000000084700000|100%| O|  |TAMS 0x0000000084700000, 0x0000000084600000| Untracked 
|  43|0x0000000084700000, 0x0000000084800000, 0x0000000084800000|100%| O|  |TAMS 0x0000000084800000, 0x0000000084700000| Untracked 
|  44|0x0000000084800000, 0x0000000084900000, 0x0000000084900000|100%| O|  |TAMS 0x0000000084900000, 0x0000000084800000| Untracked 
|  45|0x0000000084900000, 0x0000000084a00000, 0x0000000084a00000|100%| O|  |TAMS 0x0000000084a00000, 0x0000000084900000| Untracked 
|  46|0x0000000084a00000, 0x0000000084b00000, 0x0000000084b00000|100%| O|  |TAMS 0x0000000084a00000, 0x0000000084a00000| Untracked 
|  47|0x0000000084b00000, 0x0000000084c00000, 0x0000000084c00000|100%| O|  |TAMS 0x0000000084b00000, 0x0000000084b00000| Untracked 
|  48|0x0000000084c00000, 0x0000000084d00000, 0x0000000084d00000|100%| O|  |TAMS 0x0000000084c00000, 0x0000000084c00000| Untracked 
|  49|0x0000000084d00000, 0x0000000084e00000, 0x0000000084e00000|100%| O|  |TAMS 0x0000000084d00000, 0x0000000084d00000| Untracked 
|  50|0x0000000084e00000, 0x0000000084f00000, 0x0000000084f00000|100%| O|  |TAMS 0x0000000084e00000, 0x0000000084e00000| Untracked 
|  51|0x0000000084f00000, 0x0000000085000000, 0x0000000085000000|100%| O|  |TAMS 0x0000000084f00000, 0x0000000084f00000| Untracked 
|  52|0x0000000085000000, 0x0000000085100000, 0x0000000085100000|100%| O|  |TAMS 0x0000000085000000, 0x0000000085000000| Untracked 
|  53|0x0000000085100000, 0x0000000085200000, 0x0000000085200000|100%| O|  |TAMS 0x0000000085100000, 0x0000000085100000| Untracked 
|  54|0x0000000085200000, 0x0000000085300000, 0x0000000085300000|100%| O|  |TAMS 0x0000000085200000, 0x0000000085200000| Untracked 
|  55|0x0000000085300000, 0x0000000085400000, 0x0000000085400000|100%| O|  |TAMS 0x0000000085300000, 0x0000000085300000| Untracked 
|  56|0x0000000085400000, 0x0000000085500000, 0x0000000085500000|100%| O|  |TAMS 0x0000000085400000, 0x0000000085400000| Untracked 
|  57|0x0000000085500000, 0x0000000085600000, 0x0000000085600000|100%| O|  |TAMS 0x0000000085500000, 0x0000000085500000| Untracked 
|  58|0x0000000085600000, 0x0000000085700000, 0x0000000085700000|100%| O|  |TAMS 0x0000000085600000, 0x0000000085600000| Untracked 
|  59|0x0000000085700000, 0x0000000085800000, 0x0000000085800000|100%|HS|  |TAMS 0x0000000085700000, 0x0000000085700000| Complete 
|  60|0x0000000085800000, 0x0000000085900000, 0x0000000085900000|100%|HC|  |TAMS 0x0000000085800000, 0x0000000085800000| Complete 
|  61|0x0000000085900000, 0x0000000085a00000, 0x0000000085a00000|100%| O|  |TAMS 0x0000000085900000, 0x0000000085900000| Untracked 
|  62|0x0000000085a00000, 0x0000000085b00000, 0x0000000085b00000|100%| O|  |TAMS 0x0000000085a00000, 0x0000000085a00000| Untracked 
|  63|0x0000000085b00000, 0x0000000085c00000, 0x0000000085c00000|100%| O|  |TAMS 0x0000000085b00000, 0x0000000085b00000| Untracked 
|  64|0x0000000085c00000, 0x0000000085d00000, 0x0000000085d00000|100%| O|  |TAMS 0x0000000085c00000, 0x0000000085c00000| Untracked 
|  65|0x0000000085d00000, 0x0000000085e00000, 0x0000000085e00000|100%| O|  |TAMS 0x0000000085d00000, 0x0000000085d00000| Untracked 
|  66|0x0000000085e00000, 0x0000000085f00000, 0x0000000085f00000|100%| O|  |TAMS 0x0000000085e00000, 0x0000000085e00000| Untracked 
|  67|0x0000000085f00000, 0x0000000086000000, 0x0000000086000000|100%| O|  |TAMS 0x0000000085f00000, 0x0000000085f00000| Untracked 
|  68|0x0000000086000000, 0x0000000086100000, 0x0000000086100000|100%| O|  |TAMS 0x0000000086000000, 0x0000000086000000| Untracked 
|  69|0x0000000086100000, 0x0000000086200000, 0x0000000086200000|100%| O|  |TAMS 0x0000000086100000, 0x0000000086100000| Untracked 
|  70|0x0000000086200000, 0x0000000086300000, 0x0000000086300000|100%| O|  |TAMS 0x0000000086200000, 0x0000000086200000| Untracked 
|  71|0x0000000086300000, 0x0000000086400000, 0x0000000086400000|100%| O|  |TAMS 0x0000000086300000, 0x0000000086300000| Untracked 
|  72|0x0000000086400000, 0x0000000086500000, 0x0000000086500000|100%| O|  |TAMS 0x0000000086400000, 0x0000000086400000| Untracked 
|  73|0x0000000086500000, 0x0000000086600000, 0x0000000086600000|100%| O|  |TAMS 0x0000000086500000, 0x0000000086500000| Untracked 
|  74|0x0000000086600000, 0x0000000086700000, 0x0000000086700000|100%| O|  |TAMS 0x0000000086600000, 0x0000000086600000| Untracked 
|  75|0x0000000086700000, 0x0000000086800000, 0x0000000086800000|100%| O|  |TAMS 0x0000000086700000, 0x0000000086700000| Untracked 
|  76|0x0000000086800000, 0x0000000086900000, 0x0000000086900000|100%| O|  |TAMS 0x0000000086800000, 0x0000000086800000| Untracked 
|  77|0x0000000086900000, 0x0000000086a00000, 0x0000000086a00000|100%| O|  |TAMS 0x0000000086900000, 0x0000000086900000| Untracked 
|  78|0x0000000086a00000, 0x0000000086b00000, 0x0000000086b00000|100%| O|  |TAMS 0x0000000086a00000, 0x0000000086a00000| Untracked 
|  79|0x0000000086b00000, 0x0000000086c00000, 0x0000000086c00000|100%| O|  |TAMS 0x0000000086b00000, 0x0000000086b00000| Untracked 
|  80|0x0000000086c00000, 0x0000000086d00000, 0x0000000086d00000|100%| O|  |TAMS 0x0000000086c00000, 0x0000000086c00000| Untracked 
|  81|0x0000000086d00000, 0x0000000086e00000, 0x0000000086e00000|100%| O|  |TAMS 0x0000000086d00000, 0x0000000086d00000| Untracked 
|  82|0x0000000086e00000, 0x0000000086f00000, 0x0000000086f00000|100%| O|  |TAMS 0x0000000086e00000, 0x0000000086e00000| Untracked 
|  83|0x0000000086f00000, 0x0000000087000000, 0x0000000087000000|100%| O|  |TAMS 0x0000000086f00000, 0x0000000086f00000| Untracked 
|  84|0x0000000087000000, 0x0000000087100000, 0x0000000087100000|100%| O|  |TAMS 0x0000000087000000, 0x0000000087000000| Untracked 
|  85|0x0000000087100000, 0x0000000087200000, 0x0000000087200000|100%| O|  |TAMS 0x0000000087100000, 0x0000000087100000| Untracked 
|  86|0x0000000087200000, 0x0000000087300000, 0x0000000087300000|100%| O|  |TAMS 0x0000000087200000, 0x0000000087200000| Untracked 
|  87|0x0000000087300000, 0x0000000087400000, 0x0000000087400000|100%| O|  |TAMS 0x0000000087300000, 0x0000000087300000| Untracked 
|  88|0x0000000087400000, 0x0000000087500000, 0x0000000087500000|100%| O|  |TAMS 0x0000000087400000, 0x0000000087400000| Untracked 
|  89|0x0000000087500000, 0x0000000087560800, 0x0000000087600000| 37%| O|  |TAMS 0x0000000087500000, 0x0000000087500000| Untracked 
|  90|0x0000000087600000, 0x0000000087600000, 0x0000000087700000|  0%| F|  |TAMS 0x0000000087600000, 0x0000000087600000| Untracked 
|  91|0x0000000087700000, 0x0000000087700000, 0x0000000087800000|  0%| F|  |TAMS 0x0000000087700000, 0x0000000087700000| Untracked 
|  92|0x0000000087800000, 0x0000000087800000, 0x0000000087900000|  0%| F|  |TAMS 0x0000000087800000, 0x0000000087800000| Untracked 
|  93|0x0000000087900000, 0x0000000087900000, 0x0000000087a00000|  0%| F|  |TAMS 0x0000000087900000, 0x0000000087900000| Untracked 
|  94|0x0000000087a00000, 0x0000000087a00000, 0x0000000087b00000|  0%| F|  |TAMS 0x0000000087a00000, 0x0000000087a00000| Untracked 
|  95|0x0000000087b00000, 0x0000000087b00000, 0x0000000087c00000|  0%| F|  |TAMS 0x0000000087b00000, 0x0000000087b00000| Untracked 
|  96|0x0000000087c00000, 0x0000000087c00000, 0x0000000087d00000|  0%| F|  |TAMS 0x0000000087c00000, 0x0000000087c00000| Untracked 
|  97|0x0000000087d00000, 0x0000000087d00000, 0x0000000087e00000|  0%| F|  |TAMS 0x0000000087d00000, 0x0000000087d00000| Untracked 
|  98|0x0000000087e00000, 0x0000000087e00000, 0x0000000087f00000|  0%| F|  |TAMS 0x0000000087e00000, 0x0000000087e00000| Untracked 
|  99|0x0000000087f00000, 0x0000000087f00000, 0x0000000088000000|  0%| F|  |TAMS 0x0000000087f00000, 0x0000000087f00000| Untracked 
| 100|0x0000000088000000, 0x0000000088000000, 0x0000000088100000|  0%| F|  |TAMS 0x0000000088000000, 0x0000000088000000| Untracked 
| 101|0x0000000088100000, 0x0000000088100000, 0x0000000088200000|  0%| F|  |TAMS 0x0000000088100000, 0x0000000088100000| Untracked 
| 102|0x0000000088200000, 0x0000000088200000, 0x0000000088300000|  0%| F|  |TAMS 0x0000000088200000, 0x0000000088200000| Untracked 
| 103|0x0000000088300000, 0x0000000088300000, 0x0000000088400000|  0%| F|  |TAMS 0x0000000088300000, 0x0000000088300000| Untracked 
| 104|0x0000000088400000, 0x0000000088400000, 0x0000000088500000|  0%| F|  |TAMS 0x0000000088400000, 0x0000000088400000| Untracked 
| 105|0x0000000088500000, 0x0000000088500000, 0x0000000088600000|  0%| F|  |TAMS 0x0000000088500000, 0x0000000088500000| Untracked 
| 106|0x0000000088600000, 0x0000000088600000, 0x0000000088700000|  0%| F|  |TAMS 0x0000000088600000, 0x0000000088600000| Untracked 
| 107|0x0000000088700000, 0x0000000088700000, 0x0000000088800000|  0%| F|  |TAMS 0x0000000088700000, 0x0000000088700000| Untracked 
| 108|0x0000000088800000, 0x0000000088800000, 0x0000000088900000|  0%| F|  |TAMS 0x0000000088800000, 0x0000000088800000| Untracked 
| 109|0x0000000088900000, 0x0000000088900000, 0x0000000088a00000|  0%| F|  |TAMS 0x0000000088900000, 0x0000000088900000| Untracked 
| 110|0x0000000088a00000, 0x0000000088a00000, 0x0000000088b00000|  0%| F|  |TAMS 0x0000000088a00000, 0x0000000088a00000| Untracked 
| 111|0x0000000088b00000, 0x0000000088b00000, 0x0000000088c00000|  0%| F|  |TAMS 0x0000000088b00000, 0x0000000088b00000| Untracked 
| 112|0x0000000088c00000, 0x0000000088c00000, 0x0000000088d00000|  0%| F|  |TAMS 0x0000000088c00000, 0x0000000088c00000| Untracked 
| 113|0x0000000088d00000, 0x0000000088d00000, 0x0000000088e00000|  0%| F|  |TAMS 0x0000000088d00000, 0x0000000088d00000| Untracked 
| 114|0x0000000088e00000, 0x0000000088e00000, 0x0000000088f00000|  0%| F|  |TAMS 0x0000000088e00000, 0x0000000088e00000| Untracked 
| 115|0x0000000088f00000, 0x0000000088f00000, 0x0000000089000000|  0%| F|  |TAMS 0x0000000088f00000, 0x0000000088f00000| Untracked 
| 116|0x0000000089000000, 0x0000000089000000, 0x0000000089100000|  0%| F|  |TAMS 0x0000000089000000, 0x0000000089000000| Untracked 
| 117|0x0000000089100000, 0x0000000089100000, 0x0000000089200000|  0%| F|  |TAMS 0x0000000089100000, 0x0000000089100000| Untracked 
| 118|0x0000000089200000, 0x00000000892c2ed0, 0x0000000089300000| 76%| S|CS|TAMS 0x0000000089200000, 0x0000000089200000| Complete 
| 119|0x0000000089300000, 0x0000000089400000, 0x0000000089400000|100%| S|CS|TAMS 0x0000000089300000, 0x0000000089300000| Complete 
| 120|0x0000000089400000, 0x0000000089400000, 0x0000000089500000|  0%| F|  |TAMS 0x0000000089400000, 0x0000000089400000| Untracked 
| 121|0x0000000089500000, 0x0000000089500000, 0x0000000089600000|  0%| F|  |TAMS 0x0000000089500000, 0x0000000089500000| Untracked 
| 122|0x0000000089600000, 0x0000000089600000, 0x0000000089700000|  0%| F|  |TAMS 0x0000000089600000, 0x0000000089600000| Untracked 
| 123|0x0000000089700000, 0x0000000089700000, 0x0000000089800000|  0%| F|  |TAMS 0x0000000089700000, 0x0000000089700000| Untracked 
| 124|0x0000000089800000, 0x0000000089800000, 0x0000000089900000|  0%| F|  |TAMS 0x0000000089800000, 0x0000000089800000| Untracked 
| 125|0x0000000089900000, 0x0000000089900000, 0x0000000089a00000|  0%| F|  |TAMS 0x0000000089900000, 0x0000000089900000| Untracked 
| 126|0x0000000089a00000, 0x0000000089a00000, 0x0000000089b00000|  0%| F|  |TAMS 0x0000000089a00000, 0x0000000089a00000| Untracked 
| 127|0x0000000089b00000, 0x0000000089b00000, 0x0000000089c00000|  0%| F|  |TAMS 0x0000000089b00000, 0x0000000089b00000| Untracked 
| 128|0x0000000089c00000, 0x0000000089c00000, 0x0000000089d00000|  0%| F|  |TAMS 0x0000000089c00000, 0x0000000089c00000| Untracked 
| 129|0x0000000089d00000, 0x0000000089d00000, 0x0000000089e00000|  0%| F|  |TAMS 0x0000000089d00000, 0x0000000089d00000| Untracked 
| 130|0x0000000089e00000, 0x0000000089e00000, 0x0000000089f00000|  0%| F|  |TAMS 0x0000000089e00000, 0x0000000089e00000| Untracked 
| 131|0x0000000089f00000, 0x0000000089f00000, 0x000000008a000000|  0%| F|  |TAMS 0x0000000089f00000, 0x0000000089f00000| Untracked 
| 132|0x000000008a000000, 0x000000008a000000, 0x000000008a100000|  0%| F|  |TAMS 0x000000008a000000, 0x000000008a000000| Untracked 
| 133|0x000000008a100000, 0x000000008a100000, 0x000000008a200000|  0%| F|  |TAMS 0x000000008a100000, 0x000000008a100000| Untracked 
| 134|0x000000008a200000, 0x000000008a200000, 0x000000008a300000|  0%| F|  |TAMS 0x000000008a200000, 0x000000008a200000| Untracked 
| 135|0x000000008a300000, 0x000000008a300000, 0x000000008a400000|  0%| F|  |TAMS 0x000000008a300000, 0x000000008a300000| Untracked 
| 136|0x000000008a400000, 0x000000008a400000, 0x000000008a500000|  0%| F|  |TAMS 0x000000008a400000, 0x000000008a400000| Untracked 
| 137|0x000000008a500000, 0x000000008a500000, 0x000000008a600000|  0%| F|  |TAMS 0x000000008a500000, 0x000000008a500000| Untracked 
| 138|0x000000008a600000, 0x000000008a600000, 0x000000008a700000|  0%| F|  |TAMS 0x000000008a600000, 0x000000008a600000| Untracked 
| 139|0x000000008a700000, 0x000000008a700000, 0x000000008a800000|  0%| F|  |TAMS 0x000000008a700000, 0x000000008a700000| Untracked 
| 140|0x000000008a800000, 0x000000008a800000, 0x000000008a900000|  0%| F|  |TAMS 0x000000008a800000, 0x000000008a800000| Untracked 
| 141|0x000000008a900000, 0x000000008a900000, 0x000000008aa00000|  0%| F|  |TAMS 0x000000008a900000, 0x000000008a900000| Untracked 
| 142|0x000000008aa00000, 0x000000008aa00000, 0x000000008ab00000|  0%| F|  |TAMS 0x000000008aa00000, 0x000000008aa00000| Untracked 
| 143|0x000000008ab00000, 0x000000008ab00000, 0x000000008ac00000|  0%| F|  |TAMS 0x000000008ab00000, 0x000000008ab00000| Untracked 
| 144|0x000000008ac00000, 0x000000008ac00000, 0x000000008ad00000|  0%| F|  |TAMS 0x000000008ac00000, 0x000000008ac00000| Untracked 
| 145|0x000000008ad00000, 0x000000008ad00000, 0x000000008ae00000|  0%| F|  |TAMS 0x000000008ad00000, 0x000000008ad00000| Untracked 
| 146|0x000000008ae00000, 0x000000008ae00000, 0x000000008af00000|  0%| F|  |TAMS 0x000000008ae00000, 0x000000008ae00000| Untracked 
| 147|0x000000008af00000, 0x000000008af00000, 0x000000008b000000|  0%| F|  |TAMS 0x000000008af00000, 0x000000008af00000| Untracked 
| 148|0x000000008b000000, 0x000000008b000000, 0x000000008b100000|  0%| F|  |TAMS 0x000000008b000000, 0x000000008b000000| Untracked 
| 149|0x000000008b100000, 0x000000008b100000, 0x000000008b200000|  0%| F|  |TAMS 0x000000008b100000, 0x000000008b100000| Untracked 
| 150|0x000000008b200000, 0x000000008b200000, 0x000000008b300000|  0%| F|  |TAMS 0x000000008b200000, 0x000000008b200000| Untracked 
| 151|0x000000008b300000, 0x000000008b300000, 0x000000008b400000|  0%| F|  |TAMS 0x000000008b300000, 0x000000008b300000| Untracked 
| 152|0x000000008b400000, 0x000000008b400000, 0x000000008b500000|  0%| F|  |TAMS 0x000000008b400000, 0x000000008b400000| Untracked 
| 153|0x000000008b500000, 0x000000008b500000, 0x000000008b600000|  0%| F|  |TAMS 0x000000008b500000, 0x000000008b500000| Untracked 
| 154|0x000000008b600000, 0x000000008b600000, 0x000000008b700000|  0%| F|  |TAMS 0x000000008b600000, 0x000000008b600000| Untracked 

Card table byte_map: [0x000001c39c3d0000,0x000001c39c7d0000] _byte_map_base: 0x000001c39bfc2000

Marking Bits (Prev, Next): (CMBitMap*) 0x000001c38981f440, (CMBitMap*) 0x000001c38981f480
 Prev Bits: [0x000001c39cbd0000, 0x000001c39eb60000)
 Next Bits: [0x000001c39eb60000, 0x000001c3a0af0000)

Polling page: 0x000001c3875a0000

Metaspace:

Usage:
  Non-class:     69.82 MB used.
      Class:      8.56 MB used.
       Both:     78.39 MB used.

Virtual space:
  Non-class space:      128.00 MB reserved,      69.94 MB ( 55%) committed,  2 nodes.
      Class space:        1.00 GB reserved,       8.75 MB ( <1%) committed,  1 nodes.
             Both:        1.12 GB reserved,      78.69 MB (  7%) committed. 

Chunk freelists:
   Non-Class:  10.00 MB
       Class:  7.30 MB
        Both:  17.30 MB

MaxMetaspaceSize: unlimited
CompressedClassSpaceSize: 1.00 GB
Initial GC threshold: 21.00 MB
Current GC threshold: 89.50 MB
CDS: off
MetaspaceReclaimPolicy: balanced
 - commit_granule_bytes: 65536.
 - commit_granule_words: 8192.
 - virtual_space_node_default_size: 8388608.
 - enlarge_chunks_in_place: 1.
 - new_chunks_are_fully_committed: 0.
 - uncommit_free_chunks: 1.
 - use_allocation_guard: 0.
 - handle_deallocations: 1.


Internal statistics:

num_allocs_failed_limit: 6.
num_arena_births: 338.
num_arena_deaths: 0.
num_vsnodes_births: 3.
num_vsnodes_deaths: 0.
num_space_committed: 1257.
num_space_uncommitted: 0.
num_chunks_returned_to_freelist: 6.
num_chunks_taken_from_freelist: 2958.
num_chunk_merges: 6.
num_chunk_splits: 2399.
num_chunks_enlarged: 2133.
num_inconsistent_stats: 0.

CodeHeap 'non-profiled nmethods': size=120000Kb used=6534Kb max_used=6534Kb free=113465Kb
 bounds [0x000001c394770000, 0x000001c394de0000, 0x000001c39bca0000]
CodeHeap 'profiled nmethods': size=120000Kb used=33802Kb max_used=33802Kb free=86197Kb
 bounds [0x000001c38cca0000, 0x000001c38edb0000, 0x000001c3941d0000]
CodeHeap 'non-nmethods': size=5760Kb used=1403Kb max_used=1476Kb free=4356Kb
 bounds [0x000001c3941d0000, 0x000001c394440000, 0x000001c394770000]
 total_blobs=12968 nmethods=12237 adapters=638
 compilation: enabled
              stopped_count=0, restarted_count=0
 full_count=0

Compilation events (20 events):
Event: 14.457 Thread 0x000001c3a37399b0 nmethod 14926 0x000001c38ed9e590 code [0x000001c38ed9e740, 0x000001c38ed9e988]
Event: 14.457 Thread 0x000001c3a37399b0 14927       3       org.jetbrains.kotlin.backend.common.lower.SharedVariablesLowering$SharedVariablesTransformer$collectSharedVariables$1::visitValueAccess (73 bytes)
Event: 14.458 Thread 0x000001c3a37399b0 nmethod 14927 0x000001c38ed9ea90 code [0x000001c38ed9eda0, 0x000001c38ed9fe78]
Event: 14.458 Thread 0x000001c3a37399b0 14929       3       org.jetbrains.kotlin.backend.common.lower.LocalDeclarationsLowering$LocalDeclarationsTransformer$collectLocalDeclarations$1::visitMemberAccess (13 bytes)
Event: 14.459 Thread 0x000001c3a37399b0 nmethod 14929 0x000001c38eda0410 code [0x000001c38eda0680, 0x000001c38eda10d8]
Event: 14.459 Thread 0x000001c3a37399b0 14928       3       org.jetbrains.kotlin.backend.common.lower.SharedVariablesLowering$SharedVariablesTransformer$collectSharedVariables$1::visitGetValue (13 bytes)
Event: 14.460 Thread 0x000001c3a37399b0 nmethod 14928 0x000001c38eda1490 code [0x000001c38eda16e0, 0x000001c38eda2008]
Event: 14.460 Thread 0x000001c3a37399b0 14932       3       org.jetbrains.kotlin.ir.visitors.IrElementVisitor$DefaultImpls::visitElseBranch (19 bytes)
Event: 14.460 Thread 0x000001c3a37399b0 nmethod 14932 0x000001c38eda2310 code [0x000001c38eda2520, 0x000001c38eda2b68]
Event: 14.460 Thread 0x000001c3a37399b0 14934       3       org.jetbrains.kotlin.ir.expressions.impl.IrGetFieldImpl::<init> (51 bytes)
Event: 14.461 Thread 0x000001c3a37399b0 nmethod 14934 0x000001c38eda2e10 code [0x000001c38eda30e0, 0x000001c38eda3f98]
Event: 14.461 Thread 0x000001c3a37399b0 14935       3       org.jetbrains.kotlin.ir.expressions.IrGetField::<init> (5 bytes)
Event: 14.462 Thread 0x000001c3a37399b0 nmethod 14935 0x000001c38eda4490 code [0x000001c38eda4640, 0x000001c38eda4978]
Event: 14.462 Thread 0x000001c3a37399b0 14933       1       org.jetbrains.kotlin.backend.common.lower.LocalDeclarationsLowering::getContext (5 bytes)
Event: 14.462 Thread 0x000001c3a37399b0 nmethod 14933 0x000001c394dd1890 code [0x000001c394dd1a20, 0x000001c394dd1af8]
Event: 14.462 Thread 0x000001c3a37399b0 14937       3       org.jetbrains.kotlin.backend.common.DeclarationTransformer$Visitor::visitContainerExpression (6 bytes)
Event: 14.463 Thread 0x000001c3a37399b0 nmethod 14937 0x000001c38eda4b10 code [0x000001c38eda4e20, 0x000001c38eda5ca8]
Event: 14.463 Thread 0x000001c3a37399b0 14936       3       org.jetbrains.kotlin.ir.expressions.impl.IrGetFieldImpl::<init> (33 bytes)
Event: 14.464 Thread 0x000001c3a37399b0 nmethod 14936 0x000001c38eda6210 code [0x000001c38eda64a0, 0x000001c38eda7008]
Event: 14.464 Thread 0x000001c3a37399b0 14922       3       org.jetbrains.kotlin.backend.jvm.lower.JvmInlineClassLowering::visitCall (215 bytes)

GC Heap History (20 events):
Event: 5.707 GC heap after
{Heap after GC invocations=17 (full 0):
 garbage-first heap   total 106496K, used 47995K [0x0000000081c00000, 0x0000000100000000)
  region size 1024K, 4 young (4096K), 4 survivors (4096K)
 Metaspace       used 50129K, committed 50368K, reserved 1114112K
  class space    used 5821K, committed 5952K, reserved 1048576K
}
Event: 5.775 GC heap before
{Heap before GC invocations=17 (full 0):
 garbage-first heap   total 106496K, used 80763K [0x0000000081c00000, 0x0000000100000000)
  region size 1024K, 36 young (36864K), 4 survivors (4096K)
 Metaspace       used 50135K, committed 50368K, reserved 1114112K
  class space    used 5821K, committed 5952K, reserved 1048576K
}
Event: 5.780 GC heap after
{Heap after GC invocations=18 (full 0):
 garbage-first heap   total 106496K, used 48744K [0x0000000081c00000, 0x0000000100000000)
  region size 1024K, 1 young (1024K), 1 survivors (1024K)
 Metaspace       used 50135K, committed 50368K, reserved 1114112K
  class space    used 5821K, committed 5952K, reserved 1048576K
}
Event: 6.663 GC heap before
{Heap before GC invocations=18 (full 0):
 garbage-first heap   total 106496K, used 83560K [0x0000000081c00000, 0x0000000100000000)
  region size 1024K, 35 young (35840K), 1 survivors (1024K)
 Metaspace       used 54647K, committed 54912K, reserved 1114112K
  class space    used 6330K, committed 6464K, reserved 1048576K
}
Event: 6.669 GC heap after
{Heap after GC invocations=19 (full 0):
 garbage-first heap   total 158720K, used 50458K [0x0000000081c00000, 0x0000000100000000)
  region size 1024K, 3 young (3072K), 3 survivors (3072K)
 Metaspace       used 54647K, committed 54912K, reserved 1114112K
  class space    used 6330K, committed 6464K, reserved 1048576K
}
Event: 8.609 GC heap before
{Heap before GC invocations=20 (full 0):
 garbage-first heap   total 158720K, used 121114K [0x0000000081c00000, 0x0000000100000000)
  region size 1024K, 72 young (73728K), 3 survivors (3072K)
 Metaspace       used 60906K, committed 61184K, reserved 1114112K
  class space    used 7044K, committed 7168K, reserved 1048576K
}
Event: 8.625 GC heap after
{Heap after GC invocations=21 (full 0):
 garbage-first heap   total 158720K, used 60038K [0x0000000081c00000, 0x0000000100000000)
  region size 1024K, 9 young (9216K), 9 survivors (9216K)
 Metaspace       used 60906K, committed 61184K, reserved 1114112K
  class space    used 7044K, committed 7168K, reserved 1048576K
}
Event: 8.639 GC heap before
{Heap before GC invocations=21 (full 0):
 garbage-first heap   total 158720K, used 61062K [0x0000000081c00000, 0x0000000100000000)
  region size 1024K, 10 young (10240K), 9 survivors (9216K)
 Metaspace       used 60921K, committed 61184K, reserved 1114112K
  class space    used 7045K, committed 7168K, reserved 1048576K
}
Event: 8.651 GC heap after
{Heap after GC invocations=22 (full 0):
 garbage-first heap   total 158720K, used 60283K [0x0000000081c00000, 0x0000000100000000)
  region size 1024K, 1 young (1024K), 1 survivors (1024K)
 Metaspace       used 60921K, committed 61184K, reserved 1114112K
  class space    used 7045K, committed 7168K, reserved 1048576K
}
Event: 10.064 GC heap before
{Heap before GC invocations=22 (full 0):
 garbage-first heap   total 158720K, used 120699K [0x0000000081c00000, 0x0000000100000000)
  region size 1024K, 59 young (60416K), 1 survivors (1024K)
 Metaspace       used 62289K, committed 62528K, reserved 1114112K
  class space    used 7106K, committed 7232K, reserved 1048576K
}
Event: 10.073 GC heap after
{Heap after GC invocations=23 (full 0):
 garbage-first heap   total 158720K, used 66401K [0x0000000081c00000, 0x0000000100000000)
  region size 1024K, 7 young (7168K), 7 survivors (7168K)
 Metaspace       used 62289K, committed 62528K, reserved 1114112K
  class space    used 7106K, committed 7232K, reserved 1048576K
}
Event: 11.469 GC heap before
{Heap before GC invocations=23 (full 0):
 garbage-first heap   total 158720K, used 124769K [0x0000000081c00000, 0x0000000100000000)
  region size 1024K, 62 young (63488K), 7 survivors (7168K)
 Metaspace       used 64530K, committed 64768K, reserved 1114112K
  class space    used 7296K, committed 7424K, reserved 1048576K
}
Event: 11.482 GC heap after
{Heap after GC invocations=24 (full 0):
 garbage-first heap   total 158720K, used 73157K [0x0000000081c00000, 0x0000000100000000)
  region size 1024K, 5 young (5120K), 5 survivors (5120K)
 Metaspace       used 64530K, committed 64768K, reserved 1114112K
  class space    used 7296K, committed 7424K, reserved 1048576K
}
Event: 12.522 GC heap before
{Heap before GC invocations=24 (full 0):
 garbage-first heap   total 158720K, used 125381K [0x0000000081c00000, 0x0000000100000000)
  region size 1024K, 56 young (57344K), 5 survivors (5120K)
 Metaspace       used 69669K, committed 70016K, reserved 1114112K
  class space    used 7770K, committed 7936K, reserved 1048576K
}
Event: 12.538 GC heap after
{Heap after GC invocations=25 (full 0):
 garbage-first heap   total 158720K, used 80351K [0x0000000081c00000, 0x0000000100000000)
  region size 1024K, 7 young (7168K), 7 survivors (7168K)
 Metaspace       used 69669K, committed 70016K, reserved 1114112K
  class space    used 7770K, committed 7936K, reserved 1048576K
}
Event: 13.467 GC heap before
{Heap before GC invocations=25 (full 0):
 garbage-first heap   total 158720K, used 126431K [0x0000000081c00000, 0x0000000100000000)
  region size 1024K, 52 young (53248K), 7 survivors (7168K)
 Metaspace       used 75086K, committed 75392K, reserved 1179648K
  class space    used 8276K, committed 8448K, reserved 1048576K
}
Event: 13.479 GC heap after
{Heap after GC invocations=26 (full 0):
 garbage-first heap   total 158720K, used 86275K [0x0000000081c00000, 0x0000000100000000)
  region size 1024K, 7 young (7168K), 7 survivors (7168K)
 Metaspace       used 75086K, committed 75392K, reserved 1179648K
  class space    used 8276K, committed 8448K, reserved 1048576K
}
Event: 14.139 GC heap before
{Heap before GC invocations=26 (full 0):
 garbage-first heap   total 158720K, used 127235K [0x0000000081c00000, 0x0000000100000000)
  region size 1024K, 47 young (48128K), 7 survivors (7168K)
 Metaspace       used 79654K, committed 80000K, reserved 1179648K
  class space    used 8710K, committed 8896K, reserved 1048576K
}
Event: 14.155 GC heap after
{Heap after GC invocations=27 (full 0):
 garbage-first heap   total 158720K, used 91793K [0x0000000081c00000, 0x0000000100000000)
  region size 1024K, 6 young (6144K), 6 survivors (6144K)
 Metaspace       used 79654K, committed 80000K, reserved 1179648K
  class space    used 8710K, committed 8896K, reserved 1048576K
}
Event: 14.465 GC heap before
{Heap before GC invocations=27 (full 0):
 garbage-first heap   total 158720K, used 127633K [0x0000000081c00000, 0x0000000100000000)
  region size 1024K, 41 young (41984K), 6 survivors (6144K)
 Metaspace       used 80268K, committed 80576K, reserved 1179648K
  class space    used 8768K, committed 8960K, reserved 1048576K
}

Dll operation events (2 events):
Event: 0.020 Loaded shared library C:\Program Files\Android\Android Studio\jbr\bin\java.dll
Event: 0.922 Loaded shared library C:\Program Files\Android\Android Studio\jbr\bin\verify.dll

Deoptimization events (20 events):
Event: 14.413 Thread 0x000001c3897c2b80 Uncommon trap: trap_request=0xffffff66 fr.pc=0x000001c394aee9bc relative=0x000000000000051c
Event: 14.413 Thread 0x000001c3897c2b80 Uncommon trap: reason=speculate_class_check action=maybe_recompile pc=0x000001c394aee9bc method=org.jetbrains.kotlin.backend.common.DeclarationTransformer$Visitor.visitFunction(Lorg/jetbrains/kotlin/ir/declarations/IrFunction;)V @ 18 c2
Event: 14.413 Thread 0x000001c3897c2b80 DEOPT PACKING pc=0x000001c394aee9bc sp=0x000000972f5fda90
Event: 14.413 Thread 0x000001c3897c2b80 DEOPT UNPACKING pc=0x000001c3942269a3 sp=0x000000972f5fda28 mode 2
Event: 14.416 Thread 0x000001c3897c2b80 Uncommon trap: trap_request=0xffffff66 fr.pc=0x000001c394aee9bc relative=0x000000000000051c
Event: 14.417 Thread 0x000001c3897c2b80 Uncommon trap: reason=speculate_class_check action=maybe_recompile pc=0x000001c394aee9bc method=org.jetbrains.kotlin.backend.common.DeclarationTransformer$Visitor.visitFunction(Lorg/jetbrains/kotlin/ir/declarations/IrFunction;)V @ 18 c2
Event: 14.417 Thread 0x000001c3897c2b80 DEOPT PACKING pc=0x000001c394aee9bc sp=0x000000972f5fda90
Event: 14.417 Thread 0x000001c3897c2b80 DEOPT UNPACKING pc=0x000001c3942269a3 sp=0x000000972f5fda28 mode 2
Event: 14.422 Thread 0x000001c3897c2b80 Uncommon trap: trap_request=0xffffff66 fr.pc=0x000001c394aee9bc relative=0x000000000000051c
Event: 14.422 Thread 0x000001c3897c2b80 Uncommon trap: reason=speculate_class_check action=maybe_recompile pc=0x000001c394aee9bc method=org.jetbrains.kotlin.backend.common.DeclarationTransformer$Visitor.visitFunction(Lorg/jetbrains/kotlin/ir/declarations/IrFunction;)V @ 18 c2
Event: 14.422 Thread 0x000001c3897c2b80 DEOPT PACKING pc=0x000001c394aee9bc sp=0x000000972f5fda90
Event: 14.422 Thread 0x000001c3897c2b80 DEOPT UNPACKING pc=0x000001c3942269a3 sp=0x000000972f5fda28 mode 2
Event: 14.422 Thread 0x000001c3897c2b80 Uncommon trap: trap_request=0xfffffff4 fr.pc=0x000001c394ae7808 relative=0x00000000000000e8
Event: 14.422 Thread 0x000001c3897c2b80 Uncommon trap: reason=null_check action=make_not_entrant pc=0x000001c394ae7808 method=org.jetbrains.kotlin.backend.common.BodyLoweringVisitor.visitDeclaration(Lorg/jetbrains/kotlin/ir/declarations/IrDeclarationBase;Ljava/lang/Object;)Ljava/lang/Object; @ 
Event: 14.422 Thread 0x000001c3897c2b80 DEOPT PACKING pc=0x000001c394ae7808 sp=0x000000972f5fd950
Event: 14.422 Thread 0x000001c3897c2b80 DEOPT UNPACKING pc=0x000001c3942269a3 sp=0x000000972f5fd8c8 mode 2
Event: 14.424 Thread 0x000001c3897c2b80 Uncommon trap: trap_request=0xffffff66 fr.pc=0x000001c394aee9bc relative=0x000000000000051c
Event: 14.424 Thread 0x000001c3897c2b80 Uncommon trap: reason=speculate_class_check action=maybe_recompile pc=0x000001c394aee9bc method=org.jetbrains.kotlin.backend.common.DeclarationTransformer$Visitor.visitFunction(Lorg/jetbrains/kotlin/ir/declarations/IrFunction;)V @ 18 c2
Event: 14.424 Thread 0x000001c3897c2b80 DEOPT PACKING pc=0x000001c394aee9bc sp=0x000000972f5fda90
Event: 14.424 Thread 0x000001c3897c2b80 DEOPT UNPACKING pc=0x000001c3942269a3 sp=0x000000972f5fda28 mode 2

Classes unloaded (0 events):
No events

Classes redefined (0 events):
No events

Internal exceptions (20 events):
Event: 7.085 Thread 0x000001c3897c2b80 Exception <a 'java/lang/NoSuchMethodError'{0x000000008a7efeb0}: 'java.lang.Object java.lang.invoke.DirectMethodHandle$Holder.newInvokeSpecial(java.lang.Object, java.lang.Object, java.lang.Object, java.lang.Object, int)'> (0x000000008a7efeb0) 
thrown [s\src\hotspot\share\interpreter\linkResolver.cpp, line 771]
Event: 7.086 Thread 0x000001c3897c2b80 Exception <a 'java/lang/NoSuchMethodError'{0x000000008a7f84d0}: 'java.lang.Object java.lang.invoke.Invokers$Holder.linkToTargetMethod(java.lang.Object, java.lang.Object, java.lang.Object, int, java.lang.Object)'> (0x000000008a7f84d0) 
thrown [s\src\hotspot\share\interpreter\linkResolver.cpp, line 771]
Event: 7.154 Thread 0x000001c3897c2b80 Exception <a 'java/lang/NoSuchMethodError'{0x000000008a4f8970}: 'void java.lang.invoke.DirectMethodHandle$Holder.invokeInterface(java.lang.Object, java.lang.Object)'> (0x000000008a4f8970) 
thrown [s\src\hotspot\share\interpreter\linkResolver.cpp, line 771]
Event: 7.302 Thread 0x000001c3897c2b80 Exception <a 'java/lang/IncompatibleClassChangeError'{0x000000008a0fe390}: Found class java.lang.Object, but interface was expected> (0x000000008a0fe390) 
thrown [s\src\hotspot\share\interpreter\linkResolver.cpp, line 838]
Event: 7.760 Thread 0x000001c3897c2b80 Implicit null exception at 0x000001c394a22280 to 0x000001c394a23238
Event: 8.531 Thread 0x000001c3897c2b80 Exception <a 'java/lang/NoSuchMethodError'{0x00000000879c0158}: 'java.lang.Object java.lang.invoke.DirectMethodHandle$Holder.invokeStatic(java.lang.Object, int, java.lang.Object)'> (0x00000000879c0158) 
thrown [s\src\hotspot\share\interpreter\linkResolver.cpp, line 771]
Event: 8.816 Thread 0x000001c3897c2b80 Exception <a 'java/lang/NoSuchMethodError'{0x000000008aa66b10}: 'java.lang.Object java.lang.invoke.DirectMethodHandle$Holder.newInvokeSpecial(java.lang.Object, java.lang.Object, java.lang.Object, java.lang.Object, java.lang.Object, java.lang.Object, java.lang.Object, java.lang.Object)'> (0x000000008aa66b10) 
thrown [s\src\hotspot\share\interpreter\linkResolver.cpp, line 771]
Event: 8.816 Thread 0x000001c3897c2b80 Exception <a 'java/lang/NoSuchMethodError'{0x000000008aa6cbc8}: 'java.lang.Object java.lang.invoke.DirectMethodHandle$Holder.invokeSpecial(java.lang.Object, java.lang.Object, java.lang.Object, java.lang.Object, java.lang.Object, java.lang.Object, java.lang.Object, java.lang.Object, java.lang.Object)'> (0x000000008aa6cbc8) 
thrown [s\src\hotspot\share\interpreter\linkResolver.cpp, line 771]
Event: 8.816 Thread 0x000001c3897c2b80 Exception <a 'java/lang/NoSuchMethodError'{0x000000008aa72598}: 'java.lang.Object java.lang.invoke.Invokers$Holder.linkToTargetMethod(java.lang.Object, java.lang.Object, java.lang.Object, java.lang.Object, java.lang.Object, java.lang.Object, java.lang.Object, java.lang.Object)'> (0x000000008aa72598) 
thrown [s\src\hotspot\share\interpreter\linkResolver.cpp, line 771]
Event: 9.550 Thread 0x000001c3897c2b80 Implicit null exception at 0x000001c394b359ac to 0x000001c394b35a7c
Event: 11.428 Thread 0x000001c3897c2b80 Exception <a 'java/lang/NoSuchMethodError'{0x000000008811cc08}: 'java.lang.Object java.lang.invoke.DirectMethodHandle$Holder.invokeStaticInit(java.lang.Object, java.lang.Object, java.lang.Object, java.lang.Object)'> (0x000000008811cc08) 
thrown [s\src\hotspot\share\interpreter\linkResolver.cpp, line 771]
Event: 11.711 Thread 0x000001c3897c2b80 Exception <a 'java/lang/NoSuchMethodError'{0x000000008aa24c60}: 'java.lang.Object java.lang.invoke.DirectMethodHandle$Holder.newInvokeSpecial(java.lang.Object, java.lang.Object, java.lang.Object, int, int)'> (0x000000008aa24c60) 
thrown [s\src\hotspot\share\interpreter\linkResolver.cpp, line 771]
Event: 11.711 Thread 0x000001c3897c2b80 Exception <a 'java/lang/NoSuchMethodError'{0x000000008aa28aa0}: 'java.lang.Object java.lang.invoke.DirectMethodHandle$Holder.invokeSpecial(java.lang.Object, java.lang.Object, java.lang.Object, java.lang.Object, int, int)'> (0x000000008aa28aa0) 
thrown [s\src\hotspot\share\interpreter\linkResolver.cpp, line 771]
Event: 11.752 Thread 0x000001c3897c2b80 Exception <a 'java/lang/NoSuchMethodError'{0x000000008a9f67c8}: 'java.lang.Object java.lang.invoke.DirectMethodHandle$Holder.invokeSpecial(java.lang.Object, java.lang.Object, int, int, java.lang.Object, java.lang.Object, java.lang.Object, java.lang.Object, java.lang.Object)'> (0x000000008a9f67c8) 
thrown [s\src\hotspot\share\interpreter\linkResolver.cpp, line 771]
Event: 11.772 Thread 0x000001c3897c2b80 Implicit null exception at 0x000001c394849076 to 0x000001c3948492a8
Event: 12.059 Thread 0x000001c3897c2b80 Exception <a 'java/lang/NoSuchMethodError'{0x0000000089b0baf8}: 'java.lang.Object java.lang.invoke.DirectMethodHandle$Holder.newInvokeSpecial(java.lang.Object, java.lang.Object, int, int, java.lang.Object, java.lang.Object, java.lang.Object)'> (0x0000000089b0baf8) 
thrown [s\src\hotspot\share\interpreter\linkResolver.cpp, line 771]
Event: 12.060 Thread 0x000001c3897c2b80 Exception <a 'java/lang/NoSuchMethodError'{0x0000000089b100f8}: 'java.lang.Object java.lang.invoke.DirectMethodHandle$Holder.invokeSpecial(java.lang.Object, java.lang.Object, java.lang.Object, int, int, java.lang.Object, java.lang.Object, java.lang.Object)'> (0x0000000089b100f8) 
thrown [s\src\hotspot\share\interpreter\linkResolver.cpp, line 771]
Event: 12.599 Thread 0x000001c3897c2b80 Implicit null exception at 0x000001c394d06103 to 0x000001c394d06b70
Event: 14.034 Thread 0x000001c3897c2b80 Implicit null exception at 0x000001c394c47d35 to 0x000001c394c47f9a
Event: 14.422 Thread 0x000001c3897c2b80 Implicit null exception at 0x000001c394ae7752 to 0x000001c394ae77f5

VM Operations (20 events):
Event: 13.920 Executing VM operation: ICBufferFull done
Event: 13.929 Executing VM operation: HandshakeAllThreads
Event: 13.929 Executing VM operation: HandshakeAllThreads done
Event: 14.008 Executing VM operation: HandshakeAllThreads
Event: 14.008 Executing VM operation: HandshakeAllThreads done
Event: 14.009 Executing VM operation: HandshakeAllThreads
Event: 14.009 Executing VM operation: HandshakeAllThreads done
Event: 14.031 Executing VM operation: HandshakeAllThreads
Event: 14.031 Executing VM operation: HandshakeAllThreads done
Event: 14.047 Executing VM operation: ICBufferFull
Event: 14.047 Executing VM operation: ICBufferFull done
Event: 14.113 Executing VM operation: ICBufferFull
Event: 14.113 Executing VM operation: ICBufferFull done
Event: 14.139 Executing VM operation: G1CollectForAllocation
Event: 14.155 Executing VM operation: G1CollectForAllocation done
Event: 14.282 Executing VM operation: ICBufferFull
Event: 14.283 Executing VM operation: ICBufferFull done
Event: 14.373 Executing VM operation: ICBufferFull
Event: 14.373 Executing VM operation: ICBufferFull done
Event: 14.465 Executing VM operation: G1CollectForAllocation

Events (20 events):
Event: 13.903 Thread 0x000001c3a373c3c0 flushing nmethod 0x000001c38e634f10
Event: 13.907 Thread 0x000001c3a373c3c0 flushing nmethod 0x000001c38e852010
Event: 13.909 Thread 0x000001c3a373c3c0 flushing nmethod 0x000001c38e942210
Event: 13.909 Thread 0x000001c3a373c3c0 flushing nmethod 0x000001c38e942c10
Event: 13.909 Thread 0x000001c3a373c3c0 flushing nmethod 0x000001c38e943c10
Event: 13.909 Thread 0x000001c3a373c3c0 flushing nmethod 0x000001c38e944790
Event: 13.909 Thread 0x000001c3a373c3c0 flushing nmethod 0x000001c38e947110
Event: 13.909 Thread 0x000001c3a373c3c0 flushing nmethod 0x000001c38e949d90
Event: 13.909 Thread 0x000001c3a373c3c0 flushing nmethod 0x000001c38e94f410
Event: 13.909 Thread 0x000001c3a373c3c0 flushing nmethod 0x000001c38e956190
Event: 13.909 Thread 0x000001c3a373c3c0 flushing nmethod 0x000001c38e959510
Event: 13.910 Thread 0x000001c3a373c3c0 flushing nmethod 0x000001c38e968e10
Event: 13.910 Thread 0x000001c3a373c3c0 flushing nmethod 0x000001c38e96d990
Event: 13.911 Thread 0x000001c3a373c3c0 flushing nmethod 0x000001c38ea5b990
Event: 13.911 Thread 0x000001c3a373c3c0 flushing nmethod 0x000001c38ea5d110
Event: 13.911 Thread 0x000001c3a373c3c0 flushing nmethod 0x000001c38ea63c90
Event: 13.911 Thread 0x000001c3a373c3c0 flushing nmethod 0x000001c38ea65790
Event: 13.911 Thread 0x000001c3a373c3c0 flushing nmethod 0x000001c38ea7e610
Event: 13.911 Thread 0x000001c3a373c3c0 flushing nmethod 0x000001c38ea7ec90
Event: 13.911 Thread 0x000001c3a373c3c0 flushing nmethod 0x000001c38ea83690


Dynamic libraries:
0x00007ff7b5430000 - 0x00007ff7b543a000 	C:\Program Files\Android\Android Studio\jbr\bin\java.exe
0x00007ff804a30000 - 0x00007ff804c28000 	C:\WINDOWS\SYSTEM32\ntdll.dll
0x00007fffc1c50000 - 0x00007fffc1c69000 	C:\Program Files\Avast Software\Avast\aswhook.dll
0x00007ff8048f0000 - 0x00007ff8049ad000 	C:\WINDOWS\System32\KERNEL32.DLL
0x00007ff8023a0000 - 0x00007ff802696000 	C:\WINDOWS\System32\KERNELBASE.dll
0x00007ff802960000 - 0x00007ff802a60000 	C:\WINDOWS\System32\ucrtbase.dll
0x00007fffeea70000 - 0x00007fffeea87000 	C:\Program Files\Android\Android Studio\jbr\bin\jli.dll
0x00007fffe57a0000 - 0x00007fffe57bb000 	C:\Program Files\Android\Android Studio\jbr\bin\VCRUNTIME140.dll
0x00007ff802ac0000 - 0x00007ff802c5f000 	C:\WINDOWS\System32\USER32.dll
0x00007ff802930000 - 0x00007ff802952000 	C:\WINDOWS\System32\win32u.dll
0x00007ff803400000 - 0x00007ff80342b000 	C:\WINDOWS\System32\GDI32.dll
0x00007fffecde0000 - 0x00007fffed07a000 	C:\WINDOWS\WinSxS\amd64_microsoft.windows.common-controls_6595b64144ccf1df_6.0.19041.4355_none_60b8b9eb71f62e16\COMCTL32.dll
0x00007ff802230000 - 0x00007ff802347000 	C:\WINDOWS\System32\gdi32full.dll
0x00007ff803060000 - 0x00007ff8030fe000 	C:\WINDOWS\System32\msvcrt.dll
0x00007ff802190000 - 0x00007ff80222d000 	C:\WINDOWS\System32\msvcp_win.dll
0x00007ff8049b0000 - 0x00007ff8049e2000 	C:\WINDOWS\System32\IMM32.DLL
0x00007fffeed00000 - 0x00007fffeed0c000 	C:\Program Files\Android\Android Studio\jbr\bin\vcruntime140_1.dll
0x00007fffbf900000 - 0x00007fffbf98d000 	C:\Program Files\Android\Android Studio\jbr\bin\msvcp140.dll
0x00007fff9d8b0000 - 0x00007fff9e533000 	C:\Program Files\Android\Android Studio\jbr\bin\server\jvm.dll
0x00007ff802eb0000 - 0x00007ff802f60000 	C:\WINDOWS\System32\ADVAPI32.dll
0x00007ff804390000 - 0x00007ff804430000 	C:\WINDOWS\System32\sechost.dll
0x00007ff803490000 - 0x00007ff8035b3000 	C:\WINDOWS\System32\RPCRT4.dll
0x00007ff8026a0000 - 0x00007ff8026c7000 	C:\WINDOWS\System32\bcrypt.dll
0x00007ff801660000 - 0x00007ff8016ab000 	C:\WINDOWS\SYSTEM32\POWRPROF.dll
0x00007fffef770000 - 0x00007fffef797000 	C:\WINDOWS\SYSTEM32\WINMM.dll
0x00007fffeb620000 - 0x00007fffeb629000 	C:\WINDOWS\SYSTEM32\WSOCK32.dll
0x00007ffffb4f0000 - 0x00007ffffb4fa000 	C:\WINDOWS\SYSTEM32\VERSION.dll
0x00007ff803bb0000 - 0x00007ff803c1b000 	C:\WINDOWS\System32\WS2_32.dll
0x00007ff8014d0000 - 0x00007ff8014e2000 	C:\WINDOWS\SYSTEM32\UMPDC.dll
0x00007ff8008e0000 - 0x00007ff8008f2000 	C:\WINDOWS\SYSTEM32\kernel.appcore.dll
0x00007ffffd160000 - 0x00007ffffd16a000 	C:\Program Files\Android\Android Studio\jbr\bin\jimage.dll
0x00007fffffe00000 - 0x00007ffffffe4000 	C:\WINDOWS\SYSTEM32\DBGHELP.DLL
0x00007ffff2bf0000 - 0x00007ffff2c24000 	C:\WINDOWS\SYSTEM32\dbgcore.DLL
0x00007ff8028a0000 - 0x00007ff802922000 	C:\WINDOWS\System32\bcryptPrimitives.dll
0x00007ffff2fe0000 - 0x00007ffff3005000 	C:\Program Files\Android\Android Studio\jbr\bin\java.dll
0x00007ffffa970000 - 0x00007ffffa988000 	C:\Program Files\Android\Android Studio\jbr\bin\zip.dll
0x00007ff803c20000 - 0x00007ff80438b000 	C:\WINDOWS\System32\SHELL32.dll
0x00007ff800050000 - 0x00007ff8007ed000 	C:\WINDOWS\SYSTEM32\windows.storage.dll
0x00007ff804430000 - 0x00007ff804783000 	C:\WINDOWS\System32\combase.dll
0x00007ff801b00000 - 0x00007ff801b2e000 	C:\WINDOWS\SYSTEM32\Wldp.dll
0x00007ff804790000 - 0x00007ff80485d000 	C:\WINDOWS\System32\OLEAUT32.dll
0x00007ff803350000 - 0x00007ff8033fd000 	C:\WINDOWS\System32\SHCORE.dll
0x00007ff803b40000 - 0x00007ff803b95000 	C:\WINDOWS\System32\shlwapi.dll
0x00007ff802010000 - 0x00007ff802034000 	C:\WINDOWS\SYSTEM32\profapi.dll
0x00007ffffa920000 - 0x00007ffffa939000 	C:\Program Files\Android\Android Studio\jbr\bin\net.dll
0x00007ffff8df0000 - 0x00007ffff8efa000 	C:\WINDOWS\SYSTEM32\WINHTTP.dll
0x00007ff801860000 - 0x00007ff8018ca000 	C:\WINDOWS\system32\mswsock.dll
0x00007ffff1bd0000 - 0x00007ffff1be6000 	C:\Program Files\Android\Android Studio\jbr\bin\nio.dll
0x00007ffffb2d0000 - 0x00007ffffb2e0000 	C:\Program Files\Android\Android Studio\jbr\bin\verify.dll

dbghelp: loaded successfully - version: 4.0.5 - missing functions: none
symbol engine: initialized successfully - sym options: 0x614 - pdb path: .;C:\Program Files\Android\Android Studio\jbr\bin;C:\WINDOWS\SYSTEM32;C:\Program Files\Avast Software\Avast;C:\WINDOWS\WinSxS\amd64_microsoft.windows.common-controls_6595b64144ccf1df_6.0.19041.4355_none_60b8b9eb71f62e16;C:\Program Files\Android\Android Studio\jbr\bin\server

VM Arguments:
java_command: org.jetbrains.kotlin.cli.jvm.K2JVMCompiler @D:\ASL\NSL_mini\app\build\20240609_890824559952956856.compiler.options
java_class_path (initial): D:\movies\NSL_mini\caches\modules-2\files-2.1\org.jetbrains.kotlin\kotlin-compiler-embeddable\1.9.22\9cd4dc7773cf2a99ecd961a88fbbc9a2da3fb5e1\kotlin-compiler-embeddable-1.9.22.jar;D:\movies\NSL_mini\caches\modules-2\files-2.1\org.jetbrains.kotlin\kotlin-stdlib\1.9.22\d6c44cd08d8f3f9bece8101216dbe6553365c6e3\kotlin-stdlib-1.9.22.jar;D:\movies\NSL_mini\caches\modules-2\files-2.1\org.jetbrains.kotlin\kotlin-script-runtime\1.9.22\f8139a46fc677ec9badc49ae954392f4f5e7e7c7\kotlin-script-runtime-1.9.22.jar;D:\movies\NSL_mini\caches\modules-2\files-2.1\org.jetbrains.kotlin\kotlin-reflect\1.6.10\1cbe9c92c12a94eea200d23c2bbaedaf3daf5132\kotlin-reflect-1.6.10.jar;D:\movies\NSL_mini\caches\modules-2\files-2.1\org.jetbrains.kotlin\kotlin-daemon-embeddable\1.9.22\20e2c5df715f3240c765cfc222530e2796542021\kotlin-daemon-embeddable-1.9.22.jar;D:\movies\NSL_mini\caches\modules-2\files-2.1\org.jetbrains.intellij.deps\trove4j\1.0.20200330\3afb14d5f9ceb459d724e907a21145e8ff394f02\trove4j-1.0.20200330.jar;D:\movies\NSL_mini\caches\modules-2\files-2.1\org.jetbrains\annotations\13.0\919f0dfe192fb4e063e7dacadee7f8bb9a2672a9\annotations-13.0.jar
Launcher Type: SUN_STANDARD

[Global flags]
     intx CICompilerCount                          = 4                                         {product} {ergonomic}
     uint ConcGCThreads                            = 2                                         {product} {ergonomic}
     uint G1ConcRefinementThreads                  = 8                                         {product} {ergonomic}
   size_t G1HeapRegionSize                         = 1048576                                   {product} {ergonomic}
    uintx GCDrainStackTargetSize                   = 64                                        {product} {ergonomic}
   size_t InitialHeapSize                          = 134217728                                 {product} {ergonomic}
   size_t MarkStackSize                            = 4194304                                   {product} {ergonomic}
   size_t MaxHeapSize                              = 2118123520                                {product} {ergonomic}
   size_t MaxNewSize                               = 1270874112                                {product} {ergonomic}
   size_t MinHeapDeltaBytes                        = 1048576                                   {product} {ergonomic}
   size_t MinHeapSize                              = 8388608                                   {product} {ergonomic}
    uintx NonNMethodCodeHeapSize                   = 5839372                                {pd product} {ergonomic}
    uintx NonProfiledCodeHeapSize                  = 122909434                              {pd product} {ergonomic}
    uintx ProfiledCodeHeapSize                     = 122909434                              {pd product} {ergonomic}
    uintx ReservedCodeCacheSize                    = 251658240                              {pd product} {ergonomic}
     bool SegmentedCodeCache                       = true                                      {product} {ergonomic}
   size_t SoftMaxHeapSize                          = 2118123520                             {manageable} {ergonomic}
     bool UseCompressedClassPointers               = true                           {product lp64_product} {ergonomic}
     bool UseCompressedOops                        = true                           {product lp64_product} {ergonomic}
     bool UseG1GC                                  = true                                      {product} {ergonomic}
     bool UseLargePagesIndividualAllocation        = false                                  {pd product} {ergonomic}

Logging:
Log output configuration:
 #0: stdout all=warning uptime,level,tags
 #1: stderr all=off uptime,level,tags

Environment Variables:
JAVA_HOME=C:\Program Files\Java\jdk-18.0.2
PATH=C:\Program Files\Common Files\Oracle\Java\javapath;C:\Program Files\Java\jdk-18.0.2\bin;C:\Windows\system32;C:\Windows;C:\Windows\System32\Wbem;C:\Windows\System32\WindowsPowerShell\v1.0\;C:\Windows\System32\OpenSSH\;C:\Program Files (x86)\NVIDIA Corporation\PhysX\Common;C:\Program Files\NVIDIA Corporation\NVIDIA NvDLISR;C:\WINDOWS\system32;C:\WINDOWS;C:\WINDOWS\System32\Wbem;C:\WINDOWS\System32\WindowsPowerShell\v1.0\;C:\WINDOWS\System32\OpenSSH\;D:\flutter\bin;C:\Program Files\Git\cmd;C:\BC5\BIN;C:\Users\samra\AppData\Local\Microsoft\WindowsApps;C:\Users\samra\AppData\Local\Programs\Microsoft VS Code\bin;C:\Program Files\Java\jre1.8.0_51\bin;
USERNAME=samrat
OS=Windows_NT
PROCESSOR_IDENTIFIER=Intel64 Family 6 Model 158 Stepping 10, GenuineIntel
TMP=C:\Users\samra\AppData\Local\Temp
TEMP=C:\Users\samra\AppData\Local\Temp



Periodic native trim disabled

JNI global refs:
JNI global refs: 13, weak refs: 12

JNI global refs memory usage: 843, weak refs: 841

OOME stack traces (most recent first):
Classloader memory used:
Loader jdk.internal.loader.ClassLoaders$AppClassLoader                                 : 8629K
Loader bootstrap                                                                       : 1385K
Loader jdk.internal.reflect.DelegatingClassLoader                                      : 18840B


---------------  S Y S T E M  ---------------

OS:
 Windows 10 , 64 bit Build 19041 (10.0.19041.3636)
OS uptime: 12 days 3:36 hours

CPU: total 8 (initial active 8) (4 cores per cpu, 2 threads per core) family 6 model 158 stepping 10 microcode 0xde, cx8, cmov, fxsr, ht, mmx, 3dnowpref, sse, sse2, sse3, ssse3, sse4.1, sse4.2, popcnt, lzcnt, tsc, tscinvbit, avx, avx2, aes, erms, clmul, bmi1, bmi2, adx, fma, vzeroupper, clflush, clflushopt
Processor Information for all 8 processors :
  Max Mhz: 2400, Current Mhz: 2400, Mhz Limit: 2400

Memory: 4k page, system-wide physical 8072M (1660M free)
TotalPageFile size 20360M (AvailPageFile size 36M)
current process WorkingSet (physical memory assigned to process): 390M, peak: 397M
current process commit charge ("private bytes"): 428M, peak: 588M

vm_info: OpenJDK 64-Bit Server VM (17.0.10+0--11572160) for windows-amd64 JRE (17.0.10+0--11572160), built on Mar 13 2024 23:56:38 by "androidbuild" with MS VC++ 16.10 / 16.11 (VS2019)

END.
